<?xml version="1.0" encoding="UTF-8"?>
<!-- Generated by org.testng.reporters.JUnitReportReporter -->
<testsuite hostname="ckakarla-a01.vmware.com" failures="0" tests="1" name="com.automation.testcases.test1" time="6.458" errors="0" timestamp="2021-11-28T21:56:52 IST" skipped="0">
  <testcase classname="com.automation.testcases.test1" name="loginApp" time="6.458"/>
  <system-out/>
</testsuite> <!-- com.automation.testcases.test1 -->
