<?xml version="1.0" encoding="UTF-8"?>
<!-- Generated by org.testng.reporters.JUnitReportReporter -->
<testsuite hostname="ckakarla-a01.vmware.com" failures="0" tests="1" name="com.automation.testcases.LoginTestCRM" time="18.049" errors="0" timestamp="2021-12-01T21:45:37 IST" skipped="0">
  <testcase classname="com.automation.testcases.LoginTestCRM" name="loginApp" time="18.049"/>
  <system-out/>
</testsuite> <!-- com.automation.testcases.LoginTestCRM -->
